<?xml version="1.0" encoding="UTF-8"?>
<testsuite xmlns:xsi="http://www.w3.org/2001/XMLSchema-instance" xsi:noNamespaceSchemaLocation="https://maven.apache.org/surefire/maven-surefire-plugin/xsd/surefire-test-report.xsd" version="3.0.2" name="com.mock.application.ApplicationTests" time="1.457" tests="1" errors="0" skipped="0" failures="0">
  <properties>
[...]
</properties>
  <testcase name="contextLoads" classname="com.mock.application.ApplicationTests" time="0.671">
    <system-out><![CDATA[
  .   ____          _            __ _ _
 /\\ / ___'_ __ _ _(_)_ __  __ _ \ \ \ \
( ( )\___ | '_ | '_| | '_ \/ _` | \ \ \ \
 \\/  ___)| |_)| | | | | || (_| |  ) ) ) )
  '  |____| .__|_| |_|_| |_\__, | / / / /
 =========|_|==============|___/=/_/_/_/

 :: Spring Boot ::                (v3.4.1)

2025-01-06T15:18:40.235+05:30 DEBUG 10584 --- [application] [kground-preinit] org.jboss.logging                        : Logging Provider: org.jboss.logging.Slf4jLoggerProvider found via system property
2025-01-06T15:18:40.250+05:30  WARN 10584 --- [application] [           main] ory$DuplicateJsonObjectContextCustomizer : 

Found multiple occurrences of org.json.JSONObject on the class path:

	jar:file:/C:/Users/GaneshMerugu/.m2/repository/com/vaadin/external/google/android-json/0.0.20131108.vaadin1/android-json-0.0.20131108.vaadin1.jar!/org/json/JSONObject.class
	jar:file:/C:/Users/GaneshMerugu/.m2/repository/org/json/json/20240303/json-20240303.jar!/org/json/JSONObject.class

You may wish to exclude one of them to ensure predictable runtime behavior

2025-01-06T15:18:40.265+05:30  INFO 10584 --- [application] [           main] com.mock.application.ApplicationTests    : Starting ApplicationTests using Java 17.0.12 with PID 10584 (started by GaneshMerugu in C:\Users\GaneshMerugu\OneDrive - FICO\Desktop\ofc_mockingApp\application\application)
2025-01-06T15:18:40.265+05:30 DEBUG 10584 --- [application] [           main] com.mock.application.ApplicationTests    : Running with Spring Boot v3.4.1, Spring v6.2.1
2025-01-06T15:18:40.266+05:30  INFO 10584 --- [application] [           main] com.mock.application.ApplicationTests    : No active profile set, falling back to 1 default profile: "default"
2025-01-06T15:18:40.266+05:30 DEBUG 10584 --- [application] [           main] o.s.boot.SpringApplication               : Loading source interface org.springframework.boot.test.context.SpringBootTest
2025-01-06T15:18:40.290+05:30 DEBUG 10584 --- [application] [           main] o.s.w.c.s.GenericWebApplicationContext   : Refreshing org.springframework.web.context.support.GenericWebApplicationContext@5be82d43
2025-01-06T15:18:40.303+05:30 DEBUG 10584 --- [application] [           main] o.s.b.f.s.DefaultListableBeanFactory     : Creating shared instance of singleton bean 'org.springframework.context.annotation.internalConfigurationAnnotationProcessor'
2025-01-06T15:18:40.314+05:30 DEBUG 10584 --- [application] [           main] o.s.b.f.s.DefaultListableBeanFactory     : Creating shared instance of singleton bean 'org.springframework.boot.autoconfigure.internalCachingMetadataReaderFactory'
2025-01-06T15:18:40.330+05:30 DEBUG 10584 --- [application] [           main] o.s.b.f.s.DefaultListableBeanFactory     : Creating shared instance of singleton bean 'org.springframework.boot.test.mock.mockito.MockitoPostProcessor'
2025-01-06T15:18:40.335+05:30 DEBUG 10584 --- [application] [           main] o.s.b.f.s.DefaultListableBeanFactory     : Creating shared instance of singleton bean 'org.springframework.context.event.internalEventListenerProcessor'
2025-01-06T15:18:40.336+05:30 DEBUG 10584 --- [application] [           main] o.s.b.f.s.DefaultListableBeanFactory     : Creating shared instance of singleton bean 'org.springframework.context.event.internalEventListenerFactory'
2025-01-06T15:18:40.337+05:30 DEBUG 10584 --- [application] [           main] o.s.b.f.s.DefaultListableBeanFactory     : Creating shared instance of singleton bean 'org.springframework.boot.test.mock.mockito.MockitoPostProcessor$SpyPostProcessor'
2025-01-06T15:18:40.338+05:30 DEBUG 10584 --- [application] [           main] o.s.b.f.s.DefaultListableBeanFactory     : Creating shared instance of singleton bean 'org.springframework.context.annotation.internalAutowiredAnnotationProcessor'
2025-01-06T15:18:40.339+05:30 DEBUG 10584 --- [application] [           main] o.s.b.f.s.DefaultListableBeanFactory     : Creating shared instance of singleton bean 'org.springframework.context.annotation.internalCommonAnnotationProcessor'
2025-01-06T15:18:40.342+05:30 DEBUG 10584 --- [application] [           main] o.s.b.f.s.DefaultListableBeanFactory     : Creating shared instance of singleton bean 'org.springframework.context.annotation.internalPersistenceAnnotationProcessor'
2025-01-06T15:18:40.344+05:30 DEBUG 10584 --- [application] [           main] o.s.u.c.s.UiApplicationContextUtils      : Unable to locate ThemeSource with name 'themeSource': using default [org.springframework.ui.context.support.ResourceBundleThemeSource@29f0802c]
2025-01-06T15:18:40.345+05:30 DEBUG 10584 --- [application] [           main] o.s.b.f.s.DefaultListableBeanFactory     : Creating shared instance of singleton bean 'org.springframework.test.context.support.internalDynamicPropertyRegistrarBeanInitializer'
2025-01-06T15:18:40.357+05:30 DEBUG 10584 --- [application] [           main] o.s.c.support.DefaultLifecycleProcessor  : Starting beans in phase -2147483647
2025-01-06T15:18:40.357+05:30 DEBUG 10584 --- [application] [           main] o.s.c.support.DefaultLifecycleProcessor  : Successfully started bean 'springBootLoggingLifecycle'
2025-01-06T15:18:40.360+05:30  INFO 10584 --- [application] [           main] com.mock.application.ApplicationTests    : Started ApplicationTests in 0.33 seconds (process running for 0.98)
2025-01-06T15:18:40.557+05:30 DEBUG 10584 --- [application] [           main] org.springframework.test.context.cache   : Spring test ApplicationContext cache statistics: [DefaultContextCache@349d0836 size = 1, maxSize = 32, parentContextCount = 0, hitCount = 0, missCount = 1, failureCount = 0]
2025-01-06T15:18:40.558+05:30 DEBUG 10584 --- [application] [           main] o.s.t.c.w.ServletTestExecutionListener   : Setting up MockHttpServletRequest, MockHttpServletResponse, ServletWebRequest, and RequestContextHolder for test class com.mock.application.ApplicationTests
2025-01-06T15:18:40.567+05:30 DEBUG 10584 --- [application] [           main] DependencyInjectionTestExecutionListener : Performing dependency injection for test class com.mock.application.ApplicationTests
2025-01-06T15:18:40.567+05:30 DEBUG 10584 --- [application] [           main] org.springframework.test.context.cache   : Spring test ApplicationContext cache statistics: [DefaultContextCache@349d0836 size = 1, maxSize = 32, parentContextCount = 0, hitCount = 1, missCount = 1, failureCount = 0]
2025-01-06T15:18:40.568+05:30 DEBUG 10584 --- [application] [           main] org.springframework.test.context.cache   : Spring test ApplicationContext cache statistics: [DefaultContextCache@349d0836 size = 1, maxSize = 32, parentContextCount = 0, hitCount = 2, missCount = 1, failureCount = 0]
2025-01-06T15:18:40.571+05:30 DEBUG 10584 --- [application] [           main] sContextBeforeModesTestExecutionListener : Before test method: class [ApplicationTests], method [contextLoads], class annotated with @DirtiesContext [false] with mode [null], method annotated with @DirtiesContext [false] with mode [null]
2025-01-06T15:18:40.573+05:30 DEBUG 10584 --- [application] [           main] org.springframework.test.context.cache   : Spring test ApplicationContext cache statistics: [DefaultContextCache@349d0836 size = 1, maxSize = 32, parentContextCount = 0, hitCount = 3, missCount = 1, failureCount = 0]
2025-01-06T15:18:40.574+05:30 DEBUG 10584 --- [application] [           main] org.springframework.test.context.cache   : Spring test ApplicationContext cache statistics: [DefaultContextCache@349d0836 size = 1, maxSize = 32, parentContextCount = 0, hitCount = 4, missCount = 1, failureCount = 0]
2025-01-06T15:18:41.228+05:30 DEBUG 10584 --- [application] [           main] org.springframework.test.context.cache   : Spring test ApplicationContext cache statistics: [DefaultContextCache@349d0836 size = 1, maxSize = 32, parentContextCount = 0, hitCount = 5, missCount = 1, failureCount = 0]
2025-01-06T15:18:41.230+05:30 DEBUG 10584 --- [application] [           main] org.springframework.test.context.cache   : Spring test ApplicationContext cache statistics: [DefaultContextCache@349d0836 size = 1, maxSize = 32, parentContextCount = 0, hitCount = 6, missCount = 1, failureCount = 0]
2025-01-06T15:18:41.233+05:30 DEBUG 10584 --- [application] [           main] org.springframework.test.context.cache   : Spring test ApplicationContext cache statistics: [DefaultContextCache@349d0836 size = 1, maxSize = 32, parentContextCount = 0, hitCount = 7, missCount = 1, failureCount = 0]
2025-01-06T15:18:41.233+05:30 DEBUG 10584 --- [application] [           main] org.springframework.test.context.cache   : Spring test ApplicationContext cache statistics: [DefaultContextCache@349d0836 size = 1, maxSize = 32, parentContextCount = 0, hitCount = 8, missCount = 1, failureCount = 0]
2025-01-06T15:18:41.233+05:30 DEBUG 10584 --- [application] [           main] org.springframework.test.context.cache   : Spring test ApplicationContext cache statistics: [DefaultContextCache@349d0836 size = 1, maxSize = 32, parentContextCount = 0, hitCount = 9, missCount = 1, failureCount = 0]
2025-01-06T15:18:41.233+05:30 DEBUG 10584 --- [application] [           main] org.springframework.test.context.cache   : Spring test ApplicationContext cache statistics: [DefaultContextCache@349d0836 size = 1, maxSize = 32, parentContextCount = 0, hitCount = 10, missCount = 1, failureCount = 0]
2025-01-06T15:18:41.234+05:30 DEBUG 10584 --- [application] [           main] org.springframework.test.context.cache   : Spring test ApplicationContext cache statistics: [DefaultContextCache@349d0836 size = 1, maxSize = 32, parentContextCount = 0, hitCount = 11, missCount = 1, failureCount = 0]
2025-01-06T15:18:41.234+05:30 DEBUG 10584 --- [application] [           main] org.springframework.test.context.cache   : Spring test ApplicationContext cache statistics: [DefaultContextCache@349d0836 size = 1, maxSize = 32, parentContextCount = 0, hitCount = 12, missCount = 1, failureCount = 0]
2025-01-06T15:18:41.235+05:30 DEBUG 10584 --- [application] [           main] org.springframework.test.context.cache   : Spring test ApplicationContext cache statistics: [DefaultContextCache@349d0836 size = 1, maxSize = 32, parentContextCount = 0, hitCount = 13, missCount = 1, failureCount = 0]
2025-01-06T15:18:41.235+05:30 DEBUG 10584 --- [application] [           main] .c.s.DirtiesContextTestExecutionListener : After test method: class [ApplicationTests], method [contextLoads], class annotated with @DirtiesContext [false] with mode [null], method annotated with @DirtiesContext [false] with mode [null]
2025-01-06T15:18:41.235+05:30 DEBUG 10584 --- [application] [           main] o.s.t.c.w.ServletTestExecutionListener   : Resetting RequestContextHolder for test class com.mock.application.ApplicationTests
]]></system-out>
  </testcase>
</testsuite>